# JRE version: OpenJDK Runtime Environment (8.0_392-b08) (build 1.8.0_392-b08)
# Java VM: OpenJDK 64-Bit Server VM (25.392-b08 mixed mode windows-amd64 compressed oops)
Heap:
 PSYoungGen      total 153088K, used 45192K [0x0000000715b00000, 0x0000000720580000, 0x00000007c0000000)
  eden space 131584K, 34% used [0x0000000715b00000,0x0000000718722000,0x000000071db80000)
  from space 21504K, 0% used [0x000000071db80000,0x000000071db80000,0x000000071f080000)
  to   space 21504K, 0% used [0x000000071f080000,0x000000071f080000,0x0000000720580000)
 ParOldGen       total 139776K, used 7896K [0x00000005c1000000, 0x00000005c9880000, 0x0000000715b00000)
  object space 139776K, 5% used [0x00000005c1000000,0x00000005c17b60b8,0x00000005c9880000)
 Metaspace       used 28016K, capacity 28498K, committed 28928K, reserved 1075200K
  class space    used 3140K, capacity 3283K, committed 3328K, reserved 1048576K
GC Heap History (4 events):
Event: 2.558 GC heap before
{Heap before GC invocations=1 (full 0):
 PSYoungGen      total 153088K, used 61787K [0x0000000715b00000, 0x0000000720580000, 0x00000007c0000000)
  eden space 131584K, 46% used [0x0000000715b00000,0x0000000719756ec0,0x000000071db80000)
  from space 21504K, 0% used [0x000000071f080000,0x000000071f080000,0x0000000720580000)
  to   space 21504K, 0% used [0x000000071db80000,0x000000071db80000,0x000000071f080000)
 ParOldGen       total 349696K, used 0K [0x00000005c1000000, 0x00000005d6580000, 0x0000000715b00000)
  object space 349696K, 0% used [0x00000005c1000000,0x00000005c1000000,0x00000005d6580000)
 Metaspace       used 20852K, capacity 21138K, committed 21296K, reserved 1069056K
  class space    used 2299K, capacity 2420K, committed 2432K, reserved 1048576K
Event: 2.563 GC heap after
Heap after GC invocations=1 (full 0):
 PSYoungGen      total 153088K, used 8111K [0x0000000715b00000, 0x0000000720580000, 0x00000007c0000000)
  eden space 131584K, 0% used [0x0000000715b00000,0x0000000715b00000,0x000000071db80000)
  from space 21504K, 37% used [0x000000071db80000,0x000000071e36be68,0x000000071f080000)
  to   space 21504K, 0% used [0x000000071f080000,0x000000071f080000,0x0000000720580000)
 ParOldGen       total 349696K, used 16K [0x00000005c1000000, 0x00000005d6580000, 0x0000000715b00000)
  object space 349696K, 0% used [0x00000005c1000000,0x00000005c1004000,0x00000005d6580000)
 Metaspace       used 20852K, capacity 21138K, committed 21296K, reserved 1069056K
  class space    used 2299K, capacity 2420K, committed 2432K, reserved 1048576K
}
Event: 2.563 GC heap before
{Heap before GC invocations=2 (full 1):
 PSYoungGen      total 153088K, used 8111K [0x0000000715b00000, 0x0000000720580000, 0x00000007c0000000)
  eden space 131584K, 0% used [0x0000000715b00000,0x0000000715b00000,0x000000071db80000)
  from space 21504K, 37% used [0x000000071db80000,0x000000071e36be68,0x000000071f080000)
  to   space 21504K, 0% used [0x000000071f080000,0x000000071f080000,0x0000000720580000)
 ParOldGen       total 349696K, used 16K [0x00000005c1000000, 0x00000005d6580000, 0x0000000715b00000)
  object space 349696K, 0% used [0x00000005c1000000,0x00000005c1004000,0x00000005d6580000)
 Metaspace       used 20852K, capacity 21138K, committed 21296K, reserved 1069056K
  class space    used 2299K, capacity 2420K, committed 2432K, reserved 1048576K
Event: 2.584 GC heap after
Heap after GC invocations=2 (full 1):
 PSYoungGen      total 153088K, used 0K [0x0000000715b00000, 0x0000000720580000, 0x00000007c0000000)
  eden space 131584K, 0% used [0x0000000715b00000,0x0000000715b00000,0x000000071db80000)
  from space 21504K, 0% used [0x000000071db80000,0x000000071db80000,0x000000071f080000)
  to   space 21504K, 0% used [0x000000071f080000,0x000000071f080000,0x0000000720580000)
 ParOldGen       total 139776K, used 7896K [0x00000005c1000000, 0x00000005c9880000, 0x0000000715b00000)
  object space 139776K, 5% used [0x00000005c1000000,0x00000005c17b60b8,0x00000005c9880000)
 Metaspace       used 20852K, capacity 21138K, committed 21296K, reserved 1069056K
  class space    used 2299K, capacity 2420K, committed 2432K, reserved 1048576K
}

